2013-08-14 01:29:57 Error: [MissingActionException] Action CustomersController::review() could not be found.
Exception Attributes: array (
  'controller' => 'CustomersController',
  'action' => 'review',
)
Request URL: /customers/review
Stack Trace:
#0 /Users/thergenreter1/Desktop/final project/repo/streetEats/lib/Cake/Routing/Dispatcher.php(187): Controller->invokeAction(Object(CakeRequest))
#1 /Users/thergenreter1/Desktop/final project/repo/streetEats/lib/Cake/Routing/Dispatcher.php(162): Dispatcher->_invoke(Object(CustomersController), Object(CakeRequest), Object(CakeResponse))
#2 /Users/thergenreter1/Desktop/final project/repo/streetEats/app/webroot/index.php(111): Dispatcher->dispatch(Object(CakeRequest), Object(CakeResponse))
#3 {main}
2013-08-14 01:30:14 Error: [MissingActionException] Action CustomersController::deleteMenu() could not be found.
Exception Attributes: array (
  'controller' => 'CustomersController',
  'action' => 'deleteMenu',
)
Request URL: /customers/deleteMenu/16
Stack Trace:
#0 /Users/thergenreter1/Desktop/final project/repo/streetEats/lib/Cake/Routing/Dispatcher.php(187): Controller->invokeAction(Object(CakeRequest))
#1 /Users/thergenreter1/Desktop/final project/repo/streetEats/lib/Cake/Routing/Dispatcher.php(162): Dispatcher->_invoke(Object(CustomersController), Object(CakeRequest), Object(CakeResponse))
#2 /Users/thergenreter1/Desktop/final project/repo/streetEats/app/webroot/index.php(111): Dispatcher->dispatch(Object(CakeRequest), Object(CakeResponse))
#3 {main}
2013-08-14 01:30:31 Error: [MissingActionException] Action CustomersController::deleteReview() could not be found.
Exception Attributes: array (
  'controller' => 'CustomersController',
  'action' => 'deleteReview',
)
Request URL: /customers/deleteReview/16
Stack Trace:
#0 /Users/thergenreter1/Desktop/final project/repo/streetEats/lib/Cake/Routing/Dispatcher.php(187): Controller->invokeAction(Object(CakeRequest))
#1 /Users/thergenreter1/Desktop/final project/repo/streetEats/lib/Cake/Routing/Dispatcher.php(162): Dispatcher->_invoke(Object(CustomersController), Object(CakeRequest), Object(CakeResponse))
#2 /Users/thergenreter1/Desktop/final project/repo/streetEats/app/webroot/index.php(111): Dispatcher->dispatch(Object(CakeRequest), Object(CakeResponse))
#3 {main}
2013-08-14 01:30:46 Error: [PDOException] SQLSTATE[42S22]: Column not found: 1054 Unknown column 'Review.id' in 'where clause'
Request URL: /customers/deleteReview/16
Stack Trace:
#0 /Users/thergenreter1/Desktop/final project/repo/streetEats/lib/Cake/Model/Datasource/DboSource.php(460): PDOStatement->execute(Array)
#1 /Users/thergenreter1/Desktop/final project/repo/streetEats/lib/Cake/Model/Datasource/DboSource.php(426): DboSource->_execute('SELECT COUNT(*)...', Array)
#2 /Users/thergenreter1/Desktop/final project/repo/streetEats/lib/Cake/Model/Datasource/DboSource.php(666): DboSource->execute('SELECT COUNT(*)...', Array, Array)
#3 /Users/thergenreter1/Desktop/final project/repo/streetEats/lib/Cake/Model/Datasource/DboSource.php(1077): DboSource->fetchAll('SELECT COUNT(*)...', false)
#4 /Users/thergenreter1/Desktop/final project/repo/streetEats/lib/Cake/Model/Model.php(2696): DboSource->read(Object(AppModel), Array)
#5 /Users/thergenreter1/Desktop/final project/repo/streetEats/lib/Cake/Model/Model.php(2606): Model->find('count', Array)
#6 /Users/thergenreter1/Desktop/final project/repo/streetEats/lib/Cake/Model/Model.php(2403): Model->exists()
#7 /Users/thergenreter1/Desktop/final project/repo/streetEats/app/Controller/CustomersController.php(184): Model->delete()
#8 [internal function]: CustomersController->deleteReview('16')
#9 /Users/thergenreter1/Desktop/final project/repo/streetEats/lib/Cake/Controller/Controller.php(486): ReflectionMethod->invokeArgs(Object(CustomersController), Array)
#10 /Users/thergenreter1/Desktop/final project/repo/streetEats/lib/Cake/Routing/Dispatcher.php(187): Controller->invokeAction(Object(CakeRequest))
#11 /Users/thergenreter1/Desktop/final project/repo/streetEats/lib/Cake/Routing/Dispatcher.php(162): Dispatcher->_invoke(Object(CustomersController), Object(CakeRequest), Object(CakeResponse))
#12 /Users/thergenreter1/Desktop/final project/repo/streetEats/app/webroot/index.php(111): Dispatcher->dispatch(Object(CakeRequest), Object(CakeResponse))
#13 {main}
2013-08-14 01:33:46 Error: Fatal Error (4): syntax error, unexpected '}', expecting ',' or ';' in [/Users/thergenreter1/Desktop/final project/repo/streetEats/app/View/Customers/reviews.ctp, line 6]
2013-08-14 01:33:46 Error: [FatalErrorException] syntax error, unexpected '}', expecting ',' or ';'
Request URL: /customers/reviews
Stack Trace:
#0 /Users/thergenreter1/Desktop/final project/repo/streetEats/lib/Cake/Error/ErrorHandler.php(184): ErrorHandler::handleFatalError(4, 'syntax error, u...', '/Users/thergenr...', 6)
#1 [internal function]: ErrorHandler::handleError(4, 'syntax error, u...', '/Users/thergenr...', 6, Array)
#2 /Users/thergenreter1/Desktop/final project/repo/streetEats/lib/Cake/Core/App.php(931): call_user_func('ErrorHandler::h...', 4, 'syntax error, u...', '/Users/thergenr...', 6, Array)
#3 /Users/thergenreter1/Desktop/final project/repo/streetEats/lib/Cake/Core/App.php(904): App::_checkFatalError()
#4 [internal function]: App::shutdown()
#5 {main}
2013-08-14 01:36:44 Error: [MissingActionException] Action CustomersController::review() could not be found.
Exception Attributes: array (
  'controller' => 'CustomersController',
  'action' => 'review',
)
Request URL: /customers/review
Stack Trace:
#0 /Users/thergenreter1/Desktop/final project/repo/streetEats/lib/Cake/Routing/Dispatcher.php(187): Controller->invokeAction(Object(CakeRequest))
#1 /Users/thergenreter1/Desktop/final project/repo/streetEats/lib/Cake/Routing/Dispatcher.php(162): Dispatcher->_invoke(Object(CustomersController), Object(CakeRequest), Object(CakeResponse))
#2 /Users/thergenreter1/Desktop/final project/repo/streetEats/app/webroot/index.php(111): Dispatcher->dispatch(Object(CakeRequest), Object(CakeResponse))
#3 {main}
2013-08-14 01:37:05 Error: [MissingActionException] Action CustomersController::review() could not be found.
Exception Attributes: array (
  'controller' => 'CustomersController',
  'action' => 'review',
)
Request URL: /customers/review
Stack Trace:
#0 /Users/thergenreter1/Desktop/final project/repo/streetEats/lib/Cake/Routing/Dispatcher.php(187): Controller->invokeAction(Object(CakeRequest))
#1 /Users/thergenreter1/Desktop/final project/repo/streetEats/lib/Cake/Routing/Dispatcher.php(162): Dispatcher->_invoke(Object(CustomersController), Object(CakeRequest), Object(CakeResponse))
#2 /Users/thergenreter1/Desktop/final project/repo/streetEats/app/webroot/index.php(111): Dispatcher->dispatch(Object(CakeRequest), Object(CakeResponse))
#3 {main}
2013-08-14 01:37:06 Error: [MissingActionException] Action CustomersController::review() could not be found.
Exception Attributes: array (
  'controller' => 'CustomersController',
  'action' => 'review',
)
Request URL: /customers/review
Stack Trace:
#0 /Users/thergenreter1/Desktop/final project/repo/streetEats/lib/Cake/Routing/Dispatcher.php(187): Controller->invokeAction(Object(CakeRequest))
#1 /Users/thergenreter1/Desktop/final project/repo/streetEats/lib/Cake/Routing/Dispatcher.php(162): Dispatcher->_invoke(Object(CustomersController), Object(CakeRequest), Object(CakeResponse))
#2 /Users/thergenreter1/Desktop/final project/repo/streetEats/app/webroot/index.php(111): Dispatcher->dispatch(Object(CakeRequest), Object(CakeResponse))
#3 {main}
2013-08-14 01:37:07 Error: [MissingActionException] Action CustomersController::review() could not be found.
Exception Attributes: array (
  'controller' => 'CustomersController',
  'action' => 'review',
)
Request URL: /customers/review
Stack Trace:
#0 /Users/thergenreter1/Desktop/final project/repo/streetEats/lib/Cake/Routing/Dispatcher.php(187): Controller->invokeAction(Object(CakeRequest))
#1 /Users/thergenreter1/Desktop/final project/repo/streetEats/lib/Cake/Routing/Dispatcher.php(162): Dispatcher->_invoke(Object(CustomersController), Object(CakeRequest), Object(CakeResponse))
#2 /Users/thergenreter1/Desktop/final project/repo/streetEats/app/webroot/index.php(111): Dispatcher->dispatch(Object(CakeRequest), Object(CakeResponse))
#3 {main}
2013-08-14 01:37:07 Error: [MissingActionException] Action CustomersController::review() could not be found.
Exception Attributes: array (
  'controller' => 'CustomersController',
  'action' => 'review',
)
Request URL: /customers/review
Stack Trace:
#0 /Users/thergenreter1/Desktop/final project/repo/streetEats/lib/Cake/Routing/Dispatcher.php(187): Controller->invokeAction(Object(CakeRequest))
#1 /Users/thergenreter1/Desktop/final project/repo/streetEats/lib/Cake/Routing/Dispatcher.php(162): Dispatcher->_invoke(Object(CustomersController), Object(CakeRequest), Object(CakeResponse))
#2 /Users/thergenreter1/Desktop/final project/repo/streetEats/app/webroot/index.php(111): Dispatcher->dispatch(Object(CakeRequest), Object(CakeResponse))
#3 {main}
